[2024-05-23 19:51:30] [ INFO ] [BD:29] tabla creada con exito
[2024-05-23 19:51:30] [ INFO ] [PacienteDAOH2:48] iniciando la operacion de buscado de un paciente con id : 2
[2024-05-23 19:51:30] [ INFO ] [DomicilioDAOH2:44] iniciando la busqueda de un domicilio con id: 2
[2024-05-28 17:01:01] [ INFO ] [BD:29] tabla creada con exito
[2024-05-28 17:03:54] [ INFO ] [PacienteDAOH2:111] iniciando la busqueda por email: jess@gmail.com
[2024-05-28 17:08:59] [ INFO ] [BD:29] tabla creada con exito
[2024-05-28 17:09:06] [ INFO ] [PacienteDAOH2:111] iniciando la busqueda por email: jess@gmail.com
[2024-05-28 17:09:10] [ INFO ] [PacienteDAOH2:111] iniciando la busqueda por email: jess@gmail.com
[2024-05-28 17:17:36] [ INFO ] [PacienteDAOH2:111] iniciando la busqueda por email: german@german.com
[2024-05-28 17:17:36] [ INFO ] [DomicilioDAOH2:45] iniciando la busqueda de un domicilio con id: 2
[2024-05-28 17:38:58] [ INFO ] [BD:29] tabla creada con exito
[2024-05-28 17:39:04] [ INFO ] [PacienteDAOH2:86] iniciando las operaciones de busqueda:
[2024-05-28 17:39:04] [ INFO ] [DomicilioDAOH2:45] iniciando la busqueda de un domicilio con id: 1
[2024-05-28 17:39:04] [ INFO ] [DomicilioDAOH2:45] iniciando la busqueda de un domicilio con id: 2
[2024-05-28 17:53:11] [ INFO ] [PacienteDAOH2:86] iniciando las operaciones de busqueda:
[2024-05-28 17:53:11] [ INFO ] [DomicilioDAOH2:45] iniciando la busqueda de un domicilio con id: 1
[2024-05-28 17:53:11] [ INFO ] [DomicilioDAOH2:45] iniciando la busqueda de un domicilio con id: 2
[2024-05-28 17:53:25] [ INFO ] [BD:29] tabla creada con exito
[2024-05-28 17:53:32] [ INFO ] [PacienteDAOH2:86] iniciando las operaciones de busqueda:
[2024-05-28 17:53:32] [ INFO ] [DomicilioDAOH2:45] iniciando la busqueda de un domicilio con id: 1
[2024-05-28 17:53:32] [ INFO ] [DomicilioDAOH2:45] iniciando la busqueda de un domicilio con id: 2
[2024-05-28 17:55:01] [ INFO ] [BD:29] tabla creada con exito
[2024-05-28 17:55:05] [ INFO ] [PacienteDAOH2:86] iniciando las operaciones de busqueda:
[2024-05-28 17:55:05] [ INFO ] [DomicilioDAOH2:45] iniciando la busqueda de un domicilio con id: 1
[2024-05-28 17:55:05] [ INFO ] [DomicilioDAOH2:45] iniciando la busqueda de un domicilio con id: 2
[2024-05-28 17:55:25] [ INFO ] [BD:29] tabla creada con exito
[2024-05-28 17:55:29] [ INFO ] [PacienteDAOH2:86] iniciando las operaciones de busqueda:
[2024-05-28 17:55:29] [ INFO ] [DomicilioDAOH2:45] iniciando la busqueda de un domicilio con id: 1
[2024-05-28 17:55:29] [ INFO ] [DomicilioDAOH2:45] iniciando la busqueda de un domicilio con id: 2
[2024-05-28 17:55:53] [ INFO ] [BD:29] tabla creada con exito
[2024-05-28 17:55:55] [ INFO ] [PacienteDAOH2:86] iniciando las operaciones de busqueda:
[2024-05-28 17:55:55] [ INFO ] [DomicilioDAOH2:45] iniciando la busqueda de un domicilio con id: 1
[2024-05-28 17:55:55] [ INFO ] [DomicilioDAOH2:45] iniciando la busqueda de un domicilio con id: 2
